g++ -O3 -finline-functions -funroll-loops -w -fpermissive -o IMM-to-periodic \
		obj/VirtualSignalSensor.o \
		obj/EvidenceFilter.o \
		obj/RnaJunction.o \
		obj/RnaJunctions.o \
		obj/ParseGraph.o \
		obj/GffPathFromParseGraph.o \
		obj/SignalComparator.o \
		obj/NthOrderStringIterator.o \
		obj/TrainingSequence.o \
		obj/SignalPeptideSensor.o \
		obj/CodonTree.o \
		obj/Isochore.o \
		obj/IsochoreTable.o \
		obj/BranchAcceptor.o \
		obj/ThreePeriodicIMM.o \
		obj/IMM.o \
		obj/EdgeFactory.o \
		obj/MddTree.o \
		obj/Partition.o \
		obj/TreeNode.o \
		obj/GarbageCollector.o \
		obj/Edge.o \
		obj/TopologyLoader.o \
		obj/WAM.o \
		obj/WWAM.o \
		obj/MarkovChainCompiler.o \
		obj/Fast3PMC.o \
		obj/FastMarkovChain.o \
		obj/ThreePeriodicMarkovChain.o \
		obj/DiscreteDistribution.o \
		obj/Transitions.o \
		obj/EmpiricalDistribution.o \
		obj/GeometricDistribution.o \
		obj/NoncodingQueue.o \
		obj/IntronQueue.o \
		obj/SignalType.o \
		obj/ContentType.o \
		obj/ModelBuilder.o \
		obj/ScoreAnalyzer.o \
		obj/ContentSensor.o \
		obj/MarkovChain.o \
		obj/WMM.o \
		obj/SignalQueue.o \
		obj/SignalSensor.o \
		obj/Propagator.o \
		obj/Signal.o \
		obj/SignalTypeProperties.o \
		obj/Labeling.o \
		obj/GCcontent.o \
		obj/GZilla.o \
		obj/IMM-to-periodic.o \
		-lpthread  -lgsl -lm -lgslcblas -LBOOM -lBOOM 
